.3511B18A3.dose.elspru.ginyeh: pfos: gnu social genitive-case cardinal language english and spanish and french and german accusative-case copula realis-mood
.3511B18A4.dose.pfos.ginyeh: elspru: <<wildebeest>> social genitive-case cardinal language english and spanish and french and german accusative-case copula realis-mood
.3511B18B4.dose.elspru.ginyeh: pfos: wildebeest social genitive-case cardinal language english and spanish and french and german accusative-case copula realis-mood
.3511B18B4.dose.pfos.ginyeh: elspru: wildebeest social genitive-case cardinal language english and spanish and french and german accusative-case copula realis-mood
.3511B18B5.dose.pfos.ginyeh: elspru: htu7p syih ti krat pyac qlis wa pyec wa frec wa hdem ka co li
.3511B1912.dose.elspru.ginyeh: pfos: wildebeest social genitive-case cardinal language nominative-case english and spanish and french and german accusative-case copula realis-mood
.3511B1912.dose.pfos.ginyeh: elspru: wildebeest social genitive-case cardinal language nominative-case english and spanish and french and german accusative-case copula realis-mood
.3511B1913.dose.pfos.ginyeh: elspru: htu7p syih ti krat pyac na qlis wa pyec wa frec wa hdem ka co li
.3511B19A8.dose.elspru.ginyeh: pfos: wildebeest social genitive-case cardinal language nominative-case english and spanish and french and german accusative-case copula realis-mood
.3511B19A9.dose.pfos.ginyeh: elspru: wildebeest social genitive-case cardinal language nominative-case english and spanish and french and german accusative-case copula realis-mood
.3511B19A9.dose.pfos.ginyeh: elspru: htu7psyih ti kratpyacna qliswa pyecwa frecwa hdemka co li
.3511B1A08.dose.elspru.ginyeh: pfos: wildebeest _social genitive-case cardinal language nominative-case english and spanish and french and german accusative-case copula realis-mood
.3511B1A08.dose.pfos.ginyeh: elspru: wildebeest _social genitive-case cardinal language nominative-case english and spanish and french and german accusative-case copula realis-mood
.3511B1A09.dose.pfos.ginyeh: elspru: htu7pswicti kratpyacna qliswa pyecwa frecwa hdemka co li
.3511B1A54.dose.elspru.ginyeh: sris: wildebeest _social genitive-case cardinal language nominative-case english and spanish and french and german accusative-case copula realis-mood
.3511B1A77.dose.elspru.ginyeh: sris: wildebeest _social genitive-case cardinal language nominative-case english and spanish and french and german accusative-case copula realis
.3511B1A8A.dose.elspru.ginyeh: sris:  htu7pswicti kratpyacna qliswa pyecwa frecwa hdemka co li
.3511B20A1.dose.elspru.ginyeh: pfos: cardinal adjective language
.3511B20A1.dose.pfos.ginyeh: elspru: cardinal adjective language
.3511B20A1.dose.pfos.ginyeh: elspru: kratci pyac
.3511B2145.dose.elspru.ginyeh: pfos: henceforth
.3511B2146.dose.pfos.ginyeh: elspru: <<presently, henceforward, wilt>>
.3511B2176.dose.elspru.ginyeh: pfos: GNUSocial henceforward wildebeest social
.3511B2177.dose.pfos.ginyeh: elspru: <<>> henceforward wildebeest social
.3511B2180.dose.elspru.ginyeh: pfos: GNUSocial henceforward wildebeest _social
.3511B2181.dose.pfos.ginyeh: elspru: <<>> henceforward wildebeest _social
.3511B218B.dose.elspru.ginyeh: pfos: GNUSocial henceforward is wildebeest _social
.3511B2190.dose.pfos.ginyeh: elspru: <<>> henceforward <<it, hall, namely>> wildebeest _social
.3511B2196.dose.elspru.ginyeh: pfos: GNUSocial henceforward wildebeest _social
.3511B2196.dose.pfos.ginyeh: elspru: <<>> henceforward wildebeest _social
.3511B21A9.dose.elspru.ginyeh: pfos: GNUSocial henceforward wildebeest _social
.3511B21AA.dose.pfos.ginyeh: elspru: <<>> henceforward wildebeest _social
.3511B220B.dose.elspru.ginyeh: sris: GNUSocial henceforward wildebeest _social
.3511B4442.dose.elspru.ginyeh: pfos: me nominative-case supported language benefactive-case language specific dictionary accusative-case generate directive-mood
.3511B4443.dose.pfos.ginyeh: elspru: me nominative-case <<hand, subsidize>> language benefactive-case language <<private, especially, unique, expert>> dictionary accusative-case <<produce, chalk, emanating, establish>> directive-mood
.3511B4454.dose.elspru.ginyeh: pfos: me nominative-case support language benefactive-case language specific dictionary accusative-case generate directive-mood
.3511B4454.dose.pfos.ginyeh: elspru: me nominative-case <<crutch, help>> language benefactive-case language <<private, especially, unique, expert>> dictionary accusative-case <<produce, chalk, emanating, establish>> directive-mood
.3511B447B.dose.elspru.ginyeh: pfos: me nominative-case wildebeast _social language benefactive-case language specific dictionary accusative-case generate directive-mood
.3511B447B.dose.pfos.ginyeh: elspru: me nominative-case <<>> _social language benefactive-case language <<private, especially, unique, expert>> dictionary accusative-case <<produce, chalk, emanating, establish>> directive-mood
.3511B4495.dose.elspru.ginyeh: pfos: me nominative-case wildebeest _social language benefactive-case language specific dictionary accusative-case generate directive-mood
.3511B4495.dose.pfos.ginyeh: elspru: me nominative-case wildebeest _social language benefactive-case language <<private, especially, unique, expert>> dictionary accusative-case <<produce, chalk, emanating, establish>> directive-mood
.3511B44AB.dose.elspru.ginyeh: pfos: me nominative-case wildebeest _social language benefactive-case language unique translation dictionary accusative-case generate directive-mood
.3511B44B0.dose.pfos.ginyeh: elspru: me nominative-case wildebeest _social language benefactive-case language unique translation dictionary accusative-case <<produce, chalk, emanating, establish>> directive-mood
.3511B4502.dose.elspru.ginyeh: pfos: me nominative-case wildebeest _social language benefactive-case language unique translation dictionary accusative-case create directive-mood
.3511B4503.dose.pfos.ginyeh: elspru: me nominative-case wildebeest _social language benefactive-case language unique translation dictionary accusative-case <<creativity, establish>> directive-mood
.3511B4508.dose.elspru.ginyeh: pfos: me nominative-case wildebeest _social language benefactive-case language unique translation dictionary accusative-case produce directive-mood
.3511B4509.dose.pfos.ginyeh: elspru: me nominative-case wildebeest _social language benefactive-case language unique translation dictionary accusative-case produce directive-mood
.3511B4509.dose.pfos.ginyeh: elspru: mi na htu7pswicpyacbwih pyacnwukryankfinka psasre
.3511B4526.dose.elspru.ginyeh: pfos: me nominative-case wildebeest _social language benefactive-case language unique adjective translation dictionary accusative-case produce directive-mood
.3511B4527.dose.pfos.ginyeh: elspru: me nominative-case wildebeest _social language benefactive-case language unique adjective translation dictionary accusative-case produce directive-mood
.3511B4527.dose.pfos.ginyeh: elspru: mi na htu7pswicpyacbwih pyacnwukci ryankfinka psasre
.3511B4541.dose.elspru.ginyeh: pfos: me nominative-case wildebeest _social benefactive-case language unique adjective translation dictionary accusative-case produce directive-mood
.3511B4542.dose.pfos.ginyeh: elspru: me nominative-case wildebeest _social benefactive-case language unique adjective translation dictionary accusative-case produce directive-mood
.3511B4542.dose.pfos.ginyeh: elspru: mi na htu7pswicbwih pyacnwukci ryankfinka psasre
.3511B4601.dose.elspru.ginyeh: sris: me nominative-case wildebeest _social benefactive-case language unique adjective translation dictionary accusative-case produce directive-mood
.3511B4607.dose.elspru.ginyeh: sris: me nominative-case wildebeest _social benefactive-case language unique adjective translation dictionary accusative-case produce directive
.3511B4624.dose.elspru.ginyeh: sris: mi na htu7pswicbwih pyacnwukci ryankfinka psasre
.3511B5278.dose.elspru.ginyeh: pfos: main
.3511B5278.dose.pfos.ginyeh: elspru: <<sensitive, cardinal, capital, summit>>
.3511B5284.dose.elspru.ginyeh: pfos: central
.3511B5285.dose.pfos.ginyeh: elspru: <<centre, medium, union, federal, inner>>
.3511B52A4.dose.elspru.ginyeh: pfos: federal kfintu
.3511B52A4.dose.pfos.ginyeh: elspru: zh: '联邦,federation,ta: 'மத்திய,central
.3511B5387.dose.elspru.ginyeh: pfos: generate dictionary
.3511B5387.dose.pfos.ginyeh: elspru: <<produce, chalk, emanating, establish>> dictionary
.351201691.dose.elspru.ginyeh: pfos: king plural genitive-case king and orient genitive-case crown accusative-case
.351201691.dose.pfos.ginyeh: elspru: king <<plural-number>> genitive-case king and <<east, dawn>> genitive-case crown accusative-case
.35120169A.dose.elspru.ginyeh: pfos: king plural-number genitive-case king and orient genitive-case crown accusative-case
.35120169B.dose.pfos.ginyeh: elspru: king plural-number genitive-case king and <<east, dawn>> genitive-case crown accusative-case
language wildebeest elspru: accusative-case nominative-case pfos: