.351150B36.mu.pfos.nwo htafdresgi: evergreen ascetic research-gender
.351150B36.mu.pfos.nwo htafdresgi: vren pces tc6h
.351150B58.mu.htafdresgi.nwo pfos: setup professor to help with learning language
.351150B58.mu.pfos.nwo htafdresgi: <<establish, preparation, pitch>> professor <<come, until, direction>> help <<and>> <<learn, knowledge, training, nurture, teaching>> language
.351151091.mu.htafdresgi.nwo pfos: professor now capable repair word and translate language
.351151091.mu.pfos.nwo htafdresgi: professor <<>> <<capacity, efficiency, could>> repair word and <<translation, interpret>> language
.351151113.mu.htafdresgi.nwo pfos: professor now repair word and translate language epistemic-mood
.351151113.mu.pfos.nwo htafdresgi: professor <<>> repair word and <<translation, interpret>> language epistemic-mood
.351151130.mu.htafdresgi.nwo pfos: professor  repair word and translate language present-tense epistemic-mood
.351151131.mu.pfos.nwo htafdresgi: professor  repair word and <<translation, interpret>> language present-tense epistemic-mood
.351151141.mu.htafdresgi.nwo pfos: professor  repair word and translation language present-tense epistemic-mood
.351151142.mu.pfos.nwo htafdresgi: professor  repair word and translation language present-tense epistemic-mood
.351151142.mu.pfos.nwo htafdresgi: pfos hzes hrum wo wa ryan pyac ra si
.3511511A8.mu.htafdresgi.nwo pfos: professor  repair vocabulary and translation language present-tense epistemic-mood
.3511511A8.mu.pfos.nwo htafdresgi: professor  repair <<dictionary>> and translation language present-tense epistemic-mood
.3511511B6.mu.htafdresgi.nwo pfos: professor  repair diction and translation language present-tense epistemic-mood
.3511511B6.mu.pfos.nwo htafdresgi: professor  repair diction and translation language present-tense epistemic-mood
.3511511B7.mu.pfos.nwo htafdresgi: pfos hzes hrum dyi_n wa ryan pyac ra si
.351151229.mu.htafdresgi.nwo sris: professor  repair diction and translation language present-tense epistemic-mood
.351151243.mu.htafdresgi.nwo sris: pfos hzes hrum dyi_n wa ryan pyac ra si
.351166735.mu.htafdresgi.nwo pfos: working
.351166735.mu.pfos.nwo htafdresgi: <<worker, day, work-out, workplace>>
.351166740.mu.htafdresgi.nwo pfos: functional
.351166740.mu.pfos.nwo htafdresgi: <<practical, operating>>
.351166754.mu.htafdresgi.nwo pfos: secretary operating adequately
.351166754.mu.pfos.nwo htafdresgi: secretary operating <<sufficiently, inadequate, duly>>
.351166767.mu.htafdresgi.nwo pfos: secretary operating duly
.351166767.mu.pfos.nwo htafdresgi: secretary operating duly
.351166768.mu.pfos.nwo htafdresgi: sris pros dy6t
.3511667BB.mu.htafdresgi.nwo pfos: sufficiently
.351166800.mu.pfos.nwo htafdresgi: sufficiently
.351166800.mu.pfos.nwo htafdresgi: hcon
.351166811.mu.htafdresgi.nwo pfos: secretary sufficiently operating
.351166811.mu.pfos.nwo htafdresgi: secretary sufficiently operating
.351166811.mu.pfos.nwo htafdresgi: sris hcon pros
.35116683A.mu.htafdresgi.nwo sris: @robotscifi secretary sufficiently operating
.351166B12.mu.htafdresgi.nwo account identica set
.35116882A.mu.htafdresgi.nwo sris: sric hcon pros
.35116895B.mu.htafdresgi.nwo pfos: president nominative-case other language dative-case translation deontic-mood
.35116895B.mu.pfos.nwo htafdresgi: president nominative-case other language dative-case translation deontic-mood
.35116895B.mu.pfos.nwo htafdresgi: pcen na tcah pyac yi ryan tu
.35116899B.mu.htafdresgi.nwo sris: president nominative-case other language dative-case translation deontic-mood
.3511689B1.mu.htafdresgi.nwo sris: pcen na tcah pyac yi ryan tu
.351168B0A.mu.htafdresgi.nwo pfos: also word spacing nominative-case improved potential-mood
.351168B0A.mu.pfos.nwo htafdresgi: also word  nominative-case <<develop, improve, reform>> potential-mood
.351168B13.mu.htafdresgi.nwo pfos: also word spacing nominative-case improve potential-mood
.351168B14.mu.pfos.nwo htafdresgi: also word  nominative-case improve potential-mood
.351168B14.mu.pfos.nwo htafdresgi: ba wo hzes na mruk tsah
.351169341.mu.htafdresgi.nwo pfos: also _word spacing nominative-case improve potential-mood
.351169341.mu.pfos.nwo htafdresgi: also   nominative-case improve potential-mood
.351169341.mu.pfos.nwo htafdresgi: ba hzes hzes na mruk tsah
.35116A00A.mu.htafdresgi.nwo pfos: also _word spacing nominative-case improve potential-mood
.35116A00B.mu.pfos.nwo htafdresgi: also   nominative-case improve potential-mood
.35116A00B.mu.pfos.nwo htafdresgi: ba hzes hzes na mruk tsah
.35116A218.mu.htafdresgi.nwo pfos: also _word spacing nominative-case improve potential-mood
.35116A218.mu.pfos.nwo htafdresgi: also _word  nominative-case improve potential-mood
.35116A218.mu.pfos.nwo htafdresgi: ba tlat,32 hzes na mruk tsah
.35116A257.mu.htafdresgi.nwo pfos: also _word spacing nominative-case improve potential-mood
.35116A258.mu.pfos.nwo htafdresgi: also _word  nominative-case improve potential-mood
.35116A258.mu.pfos.nwo htafdresgi: ba tlat,32 hzes na mruk tsah
.35116A288.mu.htafdresgi.nwo pfos: also _word spacing nominative-case improve potential-mood
.35116A288.mu.pfos.nwo htafdresgi: also _word  nominative-case improve potential-mood
.35116A288.mu.pfos.nwo htafdresgi: ba tlat hzes na mruk tsah
.35116A309.mu.htafdresgi.nwo pfos: spacing
.35116A30A.mu.pfos.nwo htafdresgi:
.35116A30A.mu.pfos.nwo htafdresgi: hzes
.35116A312.mu.htafdresgi.nwo pfos: space
.35116A313.mu.pfos.nwo htafdresgi: <<vacancy, hall, astronaut>>
.35116A328.mu.htafdresgi.nwo pfos: blank
.35116A328.mu.pfos.nwo htafdresgi: <<white, hollow, vacancy, loose, nonsense>>
.35116A399.mu.htafdresgi.nwo pfos: spatial
.35116A39A.mu.pfos.nwo htafdresgi: <<individually, regional>>
.35116A3A9.mu.htafdresgi.nwo pfos: arrangement
.35116A3AA.mu.pfos.nwo htafdresgi: <<streamline, disposal, program, command>>
.35116A439.mu.htafdresgi.nwo pfos: empty
.35116A439.mu.pfos.nwo htafdresgi: <<hollow, vacancy, loose, nonsense>>
.35116A49A.mu.htafdresgi.nwo pfos: boundary
.35116A49B.mu.pfos.nwo htafdresgi: boundary
.35116A49B.mu.pfos.nwo htafdresgi: bwit
.35116A690.mu.htafdresgi.nwo pfos: representation
.35116A690.mu.pfos.nwo htafdresgi: representation
.35116A690.mu.pfos.nwo htafdresgi: pfic
.35116A6A6.mu.htafdresgi.nwo pfos: also _word boundary representation nominative-case improve potential-mood
.35116A6A6.mu.pfos.nwo htafdresgi: also _word boundary representation nominative-case improve potential-mood
.35116A6A6.mu.pfos.nwo htafdresgi: ba tlat bwit pfic na mruk tsah
.35116A714.mu.htafdresgi.nwo sris: also _word boundary representation nominative-case
.35116A741.mu.htafdresgi.nwo sris: ba tlat bwit pfic na mruk tsah
.35116A866.mu.htafdresgi.nwo pfos: machine programmer topic-case encoding nominative-case integrate directive-mood
.35116A866.mu.pfos.nwo htafdresgi: machine programmer topic-case encoding nominative-case <<synchronize, integrated, coordinate, compile>> directive-mood
.35116A884.mu.htafdresgi.nwo pfos: machine programmer topic-case encoding nominative-case integrated directive-mood
.35116A885.mu.pfos.nwo htafdresgi: machine programmer topic-case encoding nominative-case integrated directive-mood
.35116A885.mu.pfos.nwo htafdresgi: mlic prom ta kfon na tyes re
.35116A89B.mu.htafdresgi.nwo sris: machine programmer topic-case encoding nominative-case integrated directive-mood
.35116A8B5.mu.htafdresgi.nwo sris: mlic prom ta kfon na tyes re
.351170431.mu.htafdresgi.nwo pfos: remainder
.351170431.mu.pfos.nwo htafdresgi: <<remains>>
.351170434.mu.htafdresgi.nwo pfos: remains
.351170434.mu.pfos.nwo htafdresgi: remains
.351170434.mu.pfos.nwo htafdresgi: mwac
.351170502.mu.htafdresgi.nwo pfos: array
.351170503.mu.pfos.nwo htafdresgi: <<training, align, series, oh>>
.351170509.mu.htafdresgi.nwo pfos: set
.35117050A.mu.pfos.nwo htafdresgi: <<putting, together, series, file>>
.35117052A.mu.htafdresgi.nwo pfos: define
.35117052A.mu.pfos.nwo htafdresgi: <<unspecified>>
.351170537.mu.htafdresgi.nwo pfos: definition
.351170537.mu.pfos.nwo htafdresgi: <<connotation, justice>>
.351170544.mu.htafdresgi.nwo pfos: defined
.351170545.mu.pfos.nwo htafdresgi: <<definitions, divorce, unspecified, decided>>
.351170554.mu.htafdresgi.nwo pfos: explain
.351170555.mu.pfos.nwo htafdresgi: <<interpret, descriptive, persuade>>
.35117055A.mu.htafdresgi.nwo pfos: thesaurus
.35117055A.mu.pfos.nwo htafdresgi: <<dictionary, encyclopedia, treasure>>
.351170582.mu.htafdresgi.nwo pfos: synonyms
.351170582.mu.pfos.nwo htafdresgi: <<synonymous>>
.3511706A2.mu.htafdresgi.nwo pfos: definitions
.3511706A2.mu.pfos.nwo htafdresgi: definitions
.3511706A2.mu.pfos.nwo htafdresgi: tfi_n
.351170789.mu.htafdresgi.nwo pfos: definitions deontic-mood
.351170789.mu.pfos.nwo htafdresgi: definitions deontic-mood
.351170789.mu.pfos.nwo htafdresgi: tfi_n tu
.351170809.mu.htafdresgi.nwo pfos: descriptive
.351170809.mu.pfos.nwo htafdresgi: descriptive
.35117080A.mu.pfos.nwo htafdresgi: drut
.351170846.mu.htafdresgi.nwo pfos: dictionary
.351170846.mu.pfos.nwo htafdresgi: dictionary
.351170846.mu.pfos.nwo htafdresgi: kfin
.3511708A7.mu.htafdresgi.nwo pfos: word
.3511708A8.mu.pfos.nwo xri_c hairline
.3511708B2.mu.htafdresgi.nwo pfos: _word
.3511708B2.mu.pfos.nwo htafdresgi: _word
.3511708B2.mu.pfos.nwo htafdresgi: tlat
.3511709BA.mu.htafdresgi.nwo pfos: kfin word
.3511709BA.mu.pfos.nwo bn: 'শব্দ,sound,ta: 'சொல்,lexical,te: 'పదం,term,am: 'ቃል,expression
.351170A12.mu.htafdresgi.nwo pfos: kfin encoding
.351170A13.mu.pfos.nwo zh: '编码,encode,ta: 'குறியீட்டு,index
.351170B83.mu.htafdresgi.nwo pfos: arguments
.351170B83.mu.pfos.nwo htafdresgi: <<argument>>
.351170B86.mu.htafdresgi.nwo pfos: argument
.351170B86.mu.pfos.nwo htafdresgi: argument
.351170B87.mu.pfos.nwo htafdresgi: hrut
.351170B94.mu.htafdresgi.nwo pfos: tablet
.351170B94.mu.pfos.nwo htafdresgi: tablet
.351170B94.mu.pfos.nwo htafdresgi: plet
.351170BA0.mu.htafdresgi.nwo pfos: tablet long
.351170BA0.mu.pfos.nwo htafdresgi: tablet long
.351170BA0.mu.pfos.nwo htafdresgi: plet tcan
.351171068.mu.htafdresgi.nwo pfos: missing text argument
.351171068.mu.pfos.nwo htafdresgi: <<incomplete, extinct, lost>> text argument
htafdresgi: pfos: nominative-case also professor improve