.351201723.dose.elspru.ginyeh: pfos: king plural-number genitive-case king and oriental genitive-case crown accusative-case
.351201724.dose.pfos.ginyeh: elspru: king plural-number genitive-case king and <<east>> genitive-case crown accusative-case
.35120173A.dose.elspru.ginyeh: pfos: king plural-number genitive-case king and dawn genitive-case crown accusative-case
.35120173A.dose.pfos.ginyeh: elspru: king plural-number genitive-case king and dawn genitive-case crown accusative-case
.35120173A.dose.pfos.ginyeh: elspru: hyappu ti hyapwa hlonti kranka
.351201804.dose.elspru.ginyeh: pfos: king plural-number possessed-case king and dawn genitive-case crown accusative-case
.351201805.dose.pfos.ginyeh: elspru: king plural-number possessed-case king and dawn genitive-case crown accusative-case
.351201805.dose.pfos.ginyeh: elspru: hyappu sweh hyapwa hlonti kranka
.351201829.dose.elspru.ginyeh: pfos: king plural-number possessed-case king and dawn possessive-case crown accusative-case
.351201829.dose.pfos.ginyeh: elspru: king plural-number possessed-case king and dawn <<>> crown accusative-case
.351201878.dose.elspru.ginyeh: pfos: king plural-number possessed-case king and dawn posessive-case crown accusative-case
.351201878.dose.pfos.ginyeh: elspru: king plural-number possessed-case king and dawn <<genitive-case>> crown accusative-case
.351201886.dose.elspru.ginyeh: pfos: king plural-number possessed-case king and dawn genitive-case crown accusative-case
.351201886.dose.pfos.ginyeh: elspru: king plural-number possessed-case king and dawn genitive-case crown accusative-case
.351201886.dose.pfos.ginyeh: elspru: hyappu sweh hyapwa hlonti kranka
.351201933.dose.elspru.ginyeh: sris: hyappusweh hyapwa hlonti kranka
.35120350A.dose.elspru.ginyeh: pfos: king street
.35120350B.dose.pfos.ginyeh: elspru: king <<distance, sugar, avenue>>
.351203513.dose.elspru.ginyeh: pfos: king avenue
.351203514.dose.pfos.ginyeh: elspru: king avenue
.351203514.dose.pfos.ginyeh: elspru: hyapjwan
.351203540.dose.elspru.ginyeh: pfos: road
.351203540.dose.pfos.ginyeh: elspru: <<highway, itinerary, sugar, avenue>>
.351203557.dose.elspru.ginyeh: pfos: boulevard
.351203557.dose.pfos.ginyeh: elspru: <<highway, avenue, widest>>
.351203567.dose.elspru.ginyeh: pfos: broadwalk
.351203567.dose.pfos.ginyeh: elspru: <<>>
.351203570.dose.elspru.ginyeh: pfos: boardwalk
.351203570.dose.pfos.ginyeh: elspru: <<board, footbridge, esplanade>>
.3512035B5.dose.elspru.ginyeh: pfos: lawn
.3512035B5.dose.pfos.ginyeh: elspru: <<grass, meadow>>
.351203612.dose.elspru.ginyeh: pfos: mow
.351203612.dose.pfos.ginyeh: elspru: <<cutting, crop>>
.351203621.dose.elspru.ginyeh: pfos: garden
.351203621.dose.pfos.ginyeh: elspru: garden
.351203621.dose.pfos.ginyeh: elspru: fyan
.351203639.dose.elspru.ginyeh: pfos: president
.35120363A.dose.pfos.ginyeh: elspru: president
.35120363A.dose.pfos.ginyeh: elspru: pcen
.351203760.dose.elspru.ginyeh: pfos: initiative-case
.351203760.dose.pfos.ginyeh: elspru: initiative-case
.351203760.dose.pfos.ginyeh: elspru: nyeh
.351203938.dose.elspru.ginyeh: pfos: name
.351203938.dose.pfos.ginyeh: elspru: name
.351203938.dose.pfos.ginyeh: elspru: gi
.351203989.dose.elspru.ginyeh: pfos: flagellation
.351203989.dose.pfos.ginyeh: elspru: <<whipped>>
.351210791.dose.elspru.ginyeh: pfos: investigating adding audio with https://github.com/xray7224/p/
.351210791.dose.pfos.ginyeh: elspru: <<>> <<collector>> audio <<and>> <<>>
.35121079B.dose.elspru.ginyeh: pfos: investigate adding audio with https://github.com/xray7224/p/
.35121079B.dose.pfos.ginyeh: elspru: <<probe, excavate, analyze>> <<collector>> audio <<and>> <<>>
.351210829.dose.elspru.ginyeh: pfos:  wildebeest _social post plus audio and-or image and-or video https://github.com/xray7224/p/
.351210829.dose.pfos.ginyeh: elspru: <<>> wildebeest _social <<rank, postal, ship, after, postcard, post-office, cabin, pole>> plus audio and-or <<photograph, portrait, film>> and-or video <<>>
.351210863.dose.elspru.ginyeh: pfos: wildebeest _social audio and-or image and-or video https://github.com/xray7224/p/
.351210864.dose.pfos.ginyeh: elspru: wildebeest _social audio and-or <<photograph, portrait, film>> and-or video <<>>
.351210878.dose.elspru.ginyeh: pfos: wildebeest _social audio and-or image and-or movie https://github.com/xray7224/p/
.351210879.dose.pfos.ginyeh: elspru: wildebeest _social audio and-or <<photograph, portrait, film>> and-or <<film>> <<>>
.351210888.dose.elspru.ginyeh: pfos: wildebeest _social audio and-or photograph and-or movie https://github.com/xray7224/p/
.351210888.dose.pfos.ginyeh: elspru: wildebeest _social audio and-or photograph and-or <<film>> <<>>
.351210893.dose.elspru.ginyeh: pfos: wildebeest _social audio and-or photograph and-or film https://github.com/xray7224/p/
.351210893.dose.pfos.ginyeh: elspru: wildebeest _social audio and-or photograph and-or film <<>>
.3512108A3.dose.elspru.ginyeh: pfos: wildebeest _social audio and-or photograph and-or film
.3512108A4.dose.pfos.ginyeh: elspru: wildebeest _social audio and-or photograph and-or film
.3512108A4.dose.pfos.ginyeh: elspru: htu7pswichdopga hfocga flim
.351210955.dose.elspru.ginyeh: pfos: wildebeest _social and-or media goblin benefactive-case audio and-or photograph and-or film
.351210955.dose.pfos.ginyeh: elspru: wildebeest _social and-or <<press, medium>> <<ghosts, daemon>> benefactive-case audio and-or photograph and-or film
.351211239.dose.elspru.ginyeh: pfos: wildebeest _social and-or medium goblin benefactive-case audio and-or photograph and-or film
.35121123A.dose.pfos.ginyeh: elspru: wildebeest _social and-or medium <<ghosts, daemon>> benefactive-case audio and-or photograph and-or film
.351211279.dose.elspru.ginyeh: pfos: gnome
.35121127A.dose.pfos.ginyeh: elspru: <<dwarf>>
.35121129B.dose.elspru.ginyeh: pfos: publish
.3512112A0.dose.pfos.ginyeh: elspru: <<distribute>>
.3512112A2.dose.elspru.ginyeh: pfos: publisher
.3512112A2.dose.pfos.ginyeh: elspru: publisher
.3512112A2.dose.pfos.ginyeh: elspru: pfac
.3512112B6.dose.elspru.ginyeh: pfos: wildebeest _social and-or publisher goblin benefactive-case audio and-or photograph and-or film
.3512112B6.dose.pfos.ginyeh: elspru: wildebeest _social and-or publisher <<ghosts, daemon>> benefactive-case audio and-or photograph and-or film
.351211356.dose.elspru.ginyeh: pfos: wildebeest _social and-or publisher daemon benefactive-case audio and-or photograph and-or film
.351211356.dose.pfos.ginyeh: elspru: wildebeest _social and-or publisher daemon benefactive-case audio and-or photograph and-or film
.351211356.dose.pfos.ginyeh: elspru: htu7pswicga pfachde7mbwih hdopga hfocga flim
.351211406.dose.elspru.ginyeh: pfos: command line ablative-case wildebeest _social and-or publisher daemon benefactive-case audio and-or photograph and-or film
.351211406.dose.pfos.ginyeh: elspru: command line ablative-case wildebeest _social and-or publisher daemon benefactive-case audio and-or photograph and-or film
.351211407.dose.pfos.ginyeh: elspru: mlanlyanlwah htu7pswicga pfachde7mbwih hdopga hfocga flim
.351211438.dose.elspru.ginyeh: pfos: command line ablative-case wildebeest _social and-or publisher daemon benefactive-case audio and-or photograph and-or film accusative-case
.351211438.dose.pfos.ginyeh: elspru: command line ablative-case wildebeest _social and-or publisher daemon benefactive-case audio and-or photograph and-or film accusative-case
.351211438.dose.pfos.ginyeh: elspru: mlanlyanlwah htu7pswicga pfachde7mbwih hdopga hfocga flimka
.351211774.dose.elspru.ginyeh: pfos: command line ablative-case wildebeest _social and-or publisher daemon benefactive-case audio and-or photograph and-or film accusative-case
.35121177A.dose.elspru.ginyeh: pfos: command line ablative-case wildebeest _social and-or publisher daemon benefactive-case audio and-or photograph and-or film accusative-case
.35121177A.dose.pfos.ginyeh: elspru: command line ablative-case wildebeest _social and-or publisher daemon benefactive-case audio and-or photograph and-or film accusative-case
.35121177A.dose.pfos.ginyeh: elspru: mlanlyanlwah htu7pswicga pfachde7mbwih hdopga hfocga flimka
.351211797.dose.elspru.ginyeh: pfos: negatory-quantifier
.351211798.dose.pfos.ginyeh: elspru: negatory-quantifier
.351211798.dose.pfos.ginyeh: elspru: gwoh
.351231927.dose.htafdresgi.ginyeh: pfos: grammar word plural-number accusative-case modernize progressive-aspect realis-mood
.351231927.dose.pfos.ginyeh: htafdresgi: grammar word plural-number accusative-case modernize progressive-aspect realis-mood
.351231927.dose.pfos.ginyeh: htafdresgi: hgafwo pu ka drafpsih li
.351231934.dose.htafdresgi.ginyeh: sris: grammar word plural-number accusative-case modernize progressive-aspect realis-mood
.351231951.dose.htafdresgi.ginyeh: sris:  hgafwopuka drafpsih li
.351232242.dose.htafdresgi.ginyeh: pfos: negatory-quantifier
.351232242.dose.pfos.ginyeh: htafdresgi: negatory-quantifier
.351232242.dose.pfos.ginyeh: htafdresgi: no
.35123500A.dose.pcen.ginyeh: ca
.351235134.dose.pcen.ginyeh: ca
.3512351A4.dose.pcen.ginyeh: ca hwac
.35123528A.dose.pcen.ginyeh: syut nref
.351235518.dose.pcen.ginyeh: syut nref promoter
.351235547.dose.pcen.ginyeh: syut nref syok
.351238982.dose.pcen.ginyeh: sris: ca hwac
.351238A09.dose.pcen.ginyeh: sris: hello world
.351238B19.dose.pcen.ginyeh: sris: ca hwac
.35123B016.dose.pcen.ginyeh: vrun kxuc
.35124050B.dose.htafdresgi.ginyeh: pfos: hello
.35124050B.dose.pfos.ginyeh: htafdresgi: hello
.35124050B.dose.pfos.ginyeh: htafdresgi: [object Object]
.351240713.dose.htafdresgi.ginyeh: pfos: hello
.351240714.dose.pfos.ginyeh: htafdresgi: hello
.351240714.dose.pfos.ginyeh: htafdresgi: hcan
.351240719.dose.htafdresgi.ginyeh: pfos: _hello
.351240719.dose.pfos.ginyeh: htafdresgi: _hello
.351240719.dose.pfos.ginyeh: htafdresgi: ca
.351240750.dose.pcen.ginyeh: ca
.351240852.dose.pcen.ginyeh: na
.351240A28.dose.pcen.ginyeh: sris: hwac wu
.351240B45.dose.pcen.ginyeh: hcan wu
and-or elspru: pfos: audio king wildebeest