.351230974.dose.pcen.ginyeh:     
.351230974.dose.pcen.ginyeh:      
.351230A47.dose.pcen.ginyeh:     
.351230A47.dose.pcen.ginyeh:       
.351230A5A.dose.pcen.ginyeh:      
.351230A5B.dose.pcen.ginyeh:       
.351230A5B.dose.pcen.ginyeh:    
.351230B2B.dose.htafdresgi.ginyeh: pfos: words kfintu
.351230B2B.dose.pfos.ginyeh: htafdresgi: zh: 话,saying,hi: शब्द,word,sw: maneno,phrase,sw: maneno,expressions,sw: maneno,wording,id: kata,kata,bn: শব্দ,sound,ko: 말,horses,ko: 말,speaks,ko: 말,steed,ko: 말,mal,ko: 말,mal.,ko: 말,blots,ko: 말,equine,fa: کلمات,wildcard,mr: शब्द,sneer,mr: शब्द,locution,ur: الفاظ,euphemism,ur: الفاظ,ord,kn: ಪದಗಳು,gibberish,az: sözləri,remarks,el: λόγια,logia,fi: sanat,lyrics
.351230B77.dose.htafdresgi.ginyeh: pfos: word kfintu
.351230B78.dose.pfos.ginyeh: htafdresgi: bn: 'শব্দ,sound,ta: 'சொல்,lexical,te: 'పదం,term,am: 'ቃል,expression
.3512317B3.dose.htafdresgi.ginyeh: pfos: grammar word plural accusative-case modernize imperfective-aspect realis-mood
.3512317B3.dose.pfos.ginyeh: htafdresgi: grammar word <<plural-number>> accusative-case modernize imperfective-aspect realis-mood
.351231804.dose.htafdresgi.ginyeh: pfos: grammar word plural-number accusative-case modernize imperfective-aspect realis-mood
.351231804.dose.pfos.ginyeh: htafdresgi: grammar word plural-number accusative-case modernize imperfective-aspect realis-mood
.351231804.dose.pfos.ginyeh: htafdresgi: hgafwo pu ka drafme li 
.351231862.dose.htafdresgi.ginyeh: pfos: grammar word plural-number accusative-case modernize progressive-aspect realis-mood
.351231862.dose.pfos.ginyeh: htafdresgi: grammar word plural-number accusative-case modernize progressive-aspect realis-mood
.351231862.dose.pfos.ginyeh: htafdresgi: hgafwo pu ka drafpsih li 
.3512318A8.dose.pcen.ginyeh:       
.3512318A8.dose.pcen.ginyeh:        
.3512318A8.dose.pcen.ginyeh:      
.3512331B3.dose.pcen.ginyeh:  
.3512331B3.dose.pcen.ginyeh:  
.35123348A.dose.htafdresgi.ginyeh: negatory-quantifier
.351233497.dose.pcen.ginyeh: ry-quantifier
.351233572.dose.pcen.ginyeh: joy
.351233573.dose.pcen.ginyeh: esgi: <<enjoy, thrill>>
.35123394A.dose.pcen.ginyeh: Hola
.351233974.dose.pcen.ginyeh: mundo vocativo caso
.351233B94.dose.pcen.ginyeh: introductorio adjetivo traducción capacidad nominativo-caso presidente robot benefactivo-caso más perfectivo-aspecto realis-estado animico
.3512341AA.dose.pcen.ginyeh: introductorio adjetivo traducción capacidad nominativo-caso presidente robot benefactivo-caso más perfectivo-aspecto realis-estado-animico
.35123425A.dose.htafdresgi.ginyeh: sris: introductorio adjetivo traducción capacidad nominativo-caso presidente robot benefactivo-caso más perfectivo-aspecto realis-estado-animico
.351235134.dose.pcen.ginyeh: Hola
.3512351A4.dose.pcen.ginyeh: Hola mundo
.35123528A.dose.pcen.ginyeh: libertad reencarnación
.351235518.dose.pcen.ginyeh: libertad reencarnación promoter
.351235547.dose.pcen.ginyeh: libertad reencarnación seguidor
.351238982.dose.pcen.ginyeh: sris: Hola mundo
.351238A09.dose.pcen.ginyeh: sris: hello world
.351238B19.dose.pcen.ginyeh: sris: Hola mundo
.351239521.dose.htafdresgi.ginyeh: pfos: list
.351239521.dose.pfos.ginyeh: htafdresgi: list
.351239521.dose.pfos.ginyeh: htafdresgi: mlit
.35123B016.dose.pcen.ginyeh: intrauterino calambre
.351240750.dose.pcen.ginyeh: Hola
.351240852.dose.pcen.ginyeh: _nominativo-caso
.351240A29.dose.pcen.ginyeh: sris: mundo _vocativo-caso
.351240B45.dose.pcen.ginyeh: Hola _vocativo-caso
.35125253A.dose.pcen.ginyeh: en_la_zona
.351252553.dose.htafdresgi.ginyeh: pfos: en_la_zona
.351252553.dose.pfos.ginyeh: htafdresgi: en_la_zona
.351252553.dose.pfos.ginyeh: htafdresgi: nyip
.351252596.dose.htafdresgi.ginyeh: pfos: padre
.351252596.dose.pfos.ginyeh: htafdresgi: padre
.351252596.dose.pfos.ginyeh: htafdresgi: hpap
.351252613.dose.htafdresgi.ginyeh: pfos: yo
.351252613.dose.pfos.ginyeh: htafdresgi: yo
.351252613.dose.pfos.ginyeh: htafdresgi: hman
.351252629.dose.htafdresgi.ginyeh: pfos: self
.351252629.dose.pfos.ginyeh: htafdresgi: <<>>
.35125263A.dose.htafdresgi.ginyeh: pfos: non
.35125263A.dose.pfos.ginyeh: htafdresgi: <<>>
.351252642.dose.htafdresgi.ginyeh: pfos: no
.351252642.dose.pfos.ginyeh: htafdresgi: <<RENUNCIA, no_haga, sí>>
