4856663170 <elspru> hello
.351230974.dose.htafdresgi.ginyeh: pfos: grammar words accusative-case updating realis-mood
.351230974.dose.pfos.ginyeh: htafdresgi: grammar words accusative-case <<>> realis-mood
.351230A45.dose.htafdresgi.ginyeh: pfos: grammar words accusative-case update realis-mood
.351230A45.dose.pfos.ginyeh: htafdresgi: grammar words accusative-case <<modernize, reform>> realis-mood
.351230A5A.dose.htafdresgi.ginyeh: pfos: grammar words accusative-case modernize imperfective-aspect realis-mood
.351230A5A.dose.pfos.ginyeh: htafdresgi: grammar words accusative-case modernize imperfective-aspect realis-mood
.351230A5A.dose.pfos.ginyeh: htafdresgi: hgafhla7tka drafme li
.3512318A8.dose.htafdresgi.ginyeh: pfos: grammar word plural-number accusative-case modernize progressive-aspect realis-mood
.3512318A8.dose.pfos.ginyeh: htafdresgi: grammar word plural-number accusative-case modernize progressive-aspect realis-mood
.3512318A8.dose.pfos.ginyeh: htafdresgi: hgafwo pu ka drafpsih li
.3512331B2.dose.htafdresgi.ginyeh: pfos: negatory-quantifier
.3512331B3.dose.pfos.ginyeh: htafdresgi: negatory-quantifier
.3512331B3.dose.pfos.ginyeh: htafdresgi: no
.351233497.dose.htafdresgi.ginyeh: negatory-quantifier
.351233572.dose.htafdresgi.ginyeh: pfos: joy
.351233572.dose.pfos.ginyeh: htafdresgi: <<enjoy, thrill>>
.351233575.dose.htafdresgi.ginyeh: enjoy
.351233629.dose.htafdresgi.ginyeh: enjoy
.351233763.dose.htafdresgi.ginyeh: enjoy
.3512337B0.dose.htafdresgi.ginyeh: enjoy
.351233850.dose.htafdresgi.ginyeh: enjoy
.351233939.dose.htafdresgi.ginyeh: pfos: president
.351233939.dose.pfos.ginyeh: htafdresgi: president
.351233939.dose.pfos.ginyeh: htafdresgi: pcen
.35123394A.dose.htafdresgi.ginyeh: pcen: hello
.351233974.dose.htafdresgi.ginyeh: pcen: world vocative-case
.351233AB0.dose.htafdresgi.ginyeh: pfos: preliminary translation support plus perfective-aspect realis-mood
.351233AB0.dose.pfos.ginyeh: htafdresgi: <<opening, preparation, introductory>> translation <<crutch, help>> plus perfective-aspect realis-mood
.351233B00.dose.htafdresgi.ginyeh: pfos: introductory translation support plus perfective-aspect realis-mood
.351233B00.dose.pfos.ginyeh: htafdresgi: introductory translation <<crutch, help>> plus perfective-aspect realis-mood
.351233B15.dose.htafdresgi.ginyeh: pfos: introductory translation ability plus perfective-aspect realis-mood
.351233B15.dose.pfos.ginyeh: htafdresgi: introductory translation <<capacity, talent>> plus perfective-aspect realis-mood
.351233B39.dose.htafdresgi.ginyeh: pfos: introductory translation capacity nominative-case president robot benefactive-case plus perfective-aspect realis-mood
.351233B39.dose.pfos.ginyeh: htafdresgi: introductory translation capacity nominative-case president robot benefactive-case plus perfective-aspect realis-mood
.351233B39.dose.pfos.ginyeh: htafdresgi: tlukryanhkotna pcenryoppwah plosfa li
.351233B59.dose.htafdresgi.ginyeh: pfos: introductory adjective translation capacity nominative-case president robot benefactive-case plus perfective-aspect realis-mood
.351233B59.dose.pfos.ginyeh: htafdresgi: introductory adjective translation capacity nominative-case president robot benefactive-case plus perfective-aspect realis-mood
.351233B59.dose.pfos.ginyeh: htafdresgi: tlukci ryanhkotna pcenryoppwah plosfa li
.351233B93.dose.htafdresgi.ginyeh: pcen: introductory adjective translation capacity nominative-case president robot benefactive-case plus perfective-aspect realis-mood
.3512341AA.dose.htafdresgi.ginyeh: pcen: introductory adjective translation capacity nominative-case president robot benefactive-case plus perfective-aspect realis-mood
.351234225.dose.htafdresgi.ginyeh: pfos: introductory adjective translation capacity nominative-case president robot benefactive-case plus perfective-aspect realis-mood
.351234226.dose.pfos.ginyeh: htafdresgi: introductory adjective translation capacity nominative-case president robot benefactive-case plus perfective-aspect realis-mood
.351234226.dose.pfos.ginyeh: htafdresgi: tlukci ryanhkotna pcenryoppwah plosfa li
.351234233.dose.htafdresgi.ginyeh: sris: introductory adjective translation capacity nominative-case president robot benefactive-case plus perfective-aspect realis-mood
.351234281.dose.htafdresgi.ginyeh: sris: tlukci ryanhkotna pcenryoppwah plosfa li
.351234689.dose.htafdresgi.ginyeh: pfos: channel
.351234689.dose.pfos.ginyeh: htafdresgi: channel
.351234689.dose.pfos.ginyeh: htafdresgi: clen
.3512346A5.dose.htafdresgi.ginyeh: pfos: input
.3512346A5.dose.pfos.ginyeh: htafdresgi: input
.3512346A6.dose.pfos.ginyeh: htafdresgi: nrup
.351234806.dose.htafdresgi.ginyeh: pfos: output
.351234806.dose.pfos.ginyeh: htafdresgi: <<expense, produce>>
.351234A40.dose.htafdresgi.ginyeh: pcen: hello
.351235009.dose.htafdresgi.ginyeh: pcen: hello
.351235134.dose.htafdresgi.ginyeh: pcen: hello
.3512351A3.dose.htafdresgi.ginyeh: pcen: hello world
.35123528A.dose.htafdresgi.ginyeh: pcen: liberty reincarnation
.351235518.dose.htafdresgi.ginyeh: pcen: liberty reincarnation promoter
.351235526.dose.htafdresgi.ginyeh: pfos: liberty reincarnation promoter
.351235526.dose.pfos.ginyeh: htafdresgi: liberty reincarnation <<prosecutor, supporter, pioneer>>
.351235531.dose.htafdresgi.ginyeh: pfos: liberty reincarnation supporter
.351235532.dose.pfos.ginyeh: htafdresgi: liberty reincarnation supporter
.351235532.dose.pfos.ginyeh: htafdresgi: syutnrefsyok
.351235546.dose.htafdresgi.ginyeh: pcen: liberty reincarnation supporter
.351238982.dose.htafdresgi.ginyeh: pcen: sris: hello world
.351238A09.dose.pcen.ginyeh: sris: hello world
.351238B19.dose.htafdresgi.ginyeh: pcen: sris: hello world
.35123AB57.dose.htafdresgi.ginyeh: pfos: uterus
.35123AB58.dose.pfos.ginyeh: htafdresgi: <<ovary, taproot, childhood, bee, intrauterine>>
.35123AB67.dose.htafdresgi.ginyeh: pfos: uterine
.35123AB67.dose.pfos.ginyeh: htafdresgi: <<ovary, intrauterine>>
.35123B009.dose.htafdresgi.ginyeh: pfos: intrauterine cramp
.35123B009.dose.pfos.ginyeh: htafdresgi: intrauterine cramp
.35123B009.dose.pfos.ginyeh: htafdresgi: vrunkxuc
.35123B016.dose.htafdresgi.ginyeh: pcen: intrauterine cramp
.351240750.dose.htafdresgi.ginyeh: pcen: _hello
.351240852.dose.htafdresgi.ginyeh: pcen: _nominative-case
.351240896.dose.htafdresgi.ginyeh: pfos: world _vocative_case
.351240897.dose.pfos.ginyeh: htafdresgi: world <<>>
.3512408A7.dose.htafdresgi.ginyeh: pfos: world _vocative-case
.3512408A7.dose.pfos.ginyeh: htafdresgi: world _vocative-case
.3512408A7.dose.pfos.ginyeh: htafdresgi: hwac wu
.35124090B.dose.htafdresgi.ginyeh: pcen: sris: world _vocative-case
.351240A28.dose.htafdresgi.ginyeh: pcen: sris: world _vocative-case
.351240B44.dose.htafdresgi.ginyeh: pcen: hello _vocative-case
.351240B45.dose.pcen.ginyeh: hello _vocative-case
.351240B6B.dose.htafdresgi.ginyeh: pfos: mi na
.351240B70.dose.pfos.ginyeh: htafdresgi: <<mom, miles, mile>> <<groom>>
.351241043.dose.htafdresgi.ginyeh: pfos: hello -vocative-case
.351241043.dose.pfos.ginyeh: htafdresgi: hello <<>>
.351241073.dose.htafdresgi.ginyeh: pfos: hello _vocative-case
.351241073.dose.pfos.ginyeh: htafdresgi: hello _vocative-case
.351241073.dose.pfos.ginyeh: htafdresgi: hcan _vocative-case
.351241125.dose.htafdresgi.ginyeh: pfos: hello vocative-case
.351241125.dose.pfos.ginyeh: htafdresgi: hello vocative-case
.351241125.dose.pfos.ginyeh: htafdresgi: hcan hwok
.35124116A.dose.htafdresgi.ginyeh: pfos: hello -vocative-case
.35124116A.dose.pfos.ginyeh: htafdresgi: hello <<>>
.3512411B7.dose.htafdresgi.ginyeh: pfos: -vocative-case
.3512411B7.dose.pfos.ginyeh: htafdresgi: <<>>
.351241202.dose.htafdresgi.ginyeh: pfos: -vocative-case
.351241203.dose.pfos.ginyeh: htafdresgi: <<>>
.351241456.dose.htafdresgi.ginyeh: pfos: hello _vocative_case
.351241456.dose.pfos.ginyeh: htafdresgi: hello <<>>
.351241498.dose.htafdresgi.ginyeh: pfos: _hello
.351241498.dose.pfos.ginyeh: htafdresgi: _hello
.351241498.dose.pfos.ginyeh: htafdresgi: ca
.3512414A4.dose.htafdresgi.ginyeh: pfos: _accusative_Case
.3512414A4.dose.pfos.ginyeh: htafdresgi: <<>>
.3512414A6.dose.htafdresgi.ginyeh: pfos: _accusative_case
.3512414A6.dose.pfos.ginyeh: htafdresgi: <<>>
.3512414AB.dose.htafdresgi.ginyeh: pfos: _accusative-case
.3512414AB.dose.pfos.ginyeh: htafdresgi: _accusative-case
.3512414B0.dose.pfos.ginyeh: htafdresgi: _accusative-case
.35125016A.dose.htafdresgi.ginyeh: pfos: local
.35125016A.dose.pfos.ginyeh: htafdresgi: <<locally, inner, regional>>
.351250776.dose.htafdresgi.ginyeh: pfos: local
.351250776.dose.pfos.ginyeh: htafdresgi: <<>>
.351250876.dose.htafdresgi.ginyeh: pfos: hello
.351250876.dose.pfos.ginyeh: htafdresgi: hello
.351250876.dose.pfos.ginyeh: htafdresgi: hcan
.351250B4B.dose.htafdresgi.ginyeh: pfos: local
.351250B50.dose.pfos.ginyeh: htafdresgi: <<>>
.351251112.dose.htafdresgi.ginyeh: pfos: hello
.351251112.dose.pfos.ginyeh: htafdresgi: hello
.351251112.dose.pfos.ginyeh: htafdresgi: hcan
.351251115.dose.htafdresgi.ginyeh: pfos: local
.351251115.dose.pfos.ginyeh: htafdresgi: <<>>
.351251169.dose.htafdresgi.ginyeh: pfos: full
.351251169.dose.pfos.ginyeh: htafdresgi: <<>>
.351251172.dose.htafdresgi.ginyeh: pfos: complete
.351251172.dose.pfos.ginyeh: htafdresgi: <<>>
.351251713.dose.htafdresgi.ginyeh: pfos: complete
.351251716.dose.pfos.ginyeh: htafdresgi: <<>>
.35125171A.dose.htafdresgi.ginyeh: pfos: local
.35125171B.dose.pfos.ginyeh: htafdresgi: <<>>
.35125192A.dose.htafdresgi.ginyeh: pfos: local
.351251930.dose.pfos.ginyeh: htafdresgi: <<>>
.351251B5A.dose.htafdresgi.ginyeh: pfos: local
.351252321.dose.htafdresgi.ginyeh: pfos: local
.351252500.dose.htafdresgi.ginyeh: pfos: local
.351252502.dose.pfos.ginyeh: htafdresgi: <<locally, inner, regional>>
.351252521.dose.htafdresgi.ginyeh: pcin: locally
.35125253A.dose.htafdresgi.ginyeh: pcen: locally
.35125253A.dose.pcen.ginyeh: locally
