This file contains any messages produced by compilers while
running configure, to aid debugging if configure makes a mistake.

It was created by vm configure 0.1, which was
generated by GNU Autoconf 2.69.  Invocation command line was

  $ ./configure --no-create --no-recursion

## --------- ##
## Platform. ##
## --------- ##

hostname = odroid
uname -m = armv7l
uname -r = 3.10.96-117
uname -s = Linux
uname -v = #1 SMP PREEMPT Thu Jul 28 18:28:12 UTC 2016

/usr/bin/uname -p = unknown
/bin/uname -X     = unknown

/bin/arch              = unknown
/usr/bin/arch -k       = unknown
/usr/convex/getsysinfo = unknown
/usr/bin/hostinfo      = unknown
/bin/machine           = unknown
/usr/bin/oslevel       = unknown
/bin/universe          = unknown

PATH: /home/elspru/.nvm/versions/node/v4.4.7/bin
PATH: /home/elspru/cross/bin
PATH: /home/elspru/bin
PATH: /usr/local/sbin
PATH: /usr/local/bin
PATH: /usr/sbin
PATH: /usr/bin
PATH: /sbin
PATH: /bin
PATH: /usr/games
PATH: /usr/local/games


## ----------- ##
## Core tests. ##
## ----------- ##

configure:2185: checking for a BSD-compatible install
configure:2253: result: /usr/bin/install -c
configure:2264: checking whether build environment is sane
configure:2319: result: yes
configure:2470: checking for a thread-safe mkdir -p
configure:2509: result: /bin/mkdir -p
configure:2516: checking for gawk
configure:2546: result: no
configure:2516: checking for mawk
configure:2532: found /usr/bin/mawk
configure:2543: result: mawk
configure:2554: checking whether make sets $(MAKE)
configure:2576: result: yes
configure:2605: checking whether make supports nested variables
configure:2622: result: yes
configure:2796: checking for gcc
configure:2812: found /usr/bin/gcc
configure:2823: result: gcc
configure:3052: checking for C compiler version
configure:3061: gcc --version >&5
gcc (Ubuntu/Linaro 5.4.0-6ubuntu1~16.04.1) 5.4.0 20160609
Copyright (C) 2015 Free Software Foundation, Inc.
This is free software; see the source for copying conditions.  There is NO
warranty; not even for MERCHANTABILITY or FITNESS FOR A PARTICULAR PURPOSE.

configure:3072: $? = 0
configure:3061: gcc -v >&5
Using built-in specs.
COLLECT_GCC=gcc
COLLECT_LTO_WRAPPER=/usr/lib/gcc/arm-linux-gnueabihf/5/lto-wrapper
Target: arm-linux-gnueabihf
Configured with: ../src/configure -v --with-pkgversion='Ubuntu/Linaro 5.4.0-6ubuntu1~16.04.1' --with-bugurl=file:///usr/share/doc/gcc-5/README.Bugs --enable-languages=c,ada,c++,java,go,d,fortran,objc,obj-c++ --prefix=/usr --program-suffix=-5 --enable-shared --enable-linker-build-id --libexecdir=/usr/lib --without-included-gettext --enable-threads=posix --libdir=/usr/lib --enable-nls --with-sysroot=/ --enable-clocale=gnu --enable-libstdcxx-debug --enable-libstdcxx-time=yes --with-default-libstdcxx-abi=new --enable-gnu-unique-object --disable-libitm --disable-libquadmath --enable-plugin --with-system-zlib --disable-browser-plugin --enable-java-awt=gtk --enable-gtk-cairo --with-java-home=/usr/lib/jvm/java-1.5.0-gcj-5-armhf/jre --enable-java-home --with-jvm-root-dir=/usr/lib/jvm/java-1.5.0-gcj-5-armhf --with-jvm-jar-dir=/usr/lib/jvm-exports/java-1.5.0-gcj-5-armhf --with-arch-directory=arm --with-ecj-jar=/usr/share/java/eclipse-ecj.jar --enable-objc-gc --enable-multiarch --enable-multilib --disable-sjlj-exceptions --with-arch=armv7-a --with-fpu=vfpv3-d16 --with-float=hard --with-mode=thumb --disable-werror --enable-multilib --enable-checking=release --build=arm-linux-gnueabihf --host=arm-linux-gnueabihf --target=arm-linux-gnueabihf
Thread model: posix
gcc version 5.4.0 20160609 (Ubuntu/Linaro 5.4.0-6ubuntu1~16.04.1) 
configure:3072: $? = 0
configure:3061: gcc -V >&5
gcc: error: unrecognized command line option '-V'
gcc: fatal error: no input files
compilation terminated.
configure:3072: $? = 1
configure:3061: gcc -qversion >&5
gcc: error: unrecognized command line option '-qversion'
gcc: fatal error: no input files
compilation terminated.
configure:3072: $? = 1
configure:3092: checking whether the C compiler works
configure:3114: gcc    conftest.c  >&5
configure:3118: $? = 0
configure:3166: result: yes
configure:3169: checking for C compiler default output file name
configure:3171: result: a.out
configure:3177: checking for suffix of executables
configure:3184: gcc -o conftest    conftest.c  >&5
configure:3188: $? = 0
configure:3210: result: 
configure:3232: checking whether we are cross compiling
configure:3240: gcc -o conftest    conftest.c  >&5
configure:3244: $? = 0
configure:3251: ./conftest
configure:3255: $? = 0
configure:3270: result: no
configure:3275: checking for suffix of object files
configure:3297: gcc -c   conftest.c >&5
configure:3301: $? = 0
configure:3322: result: o
configure:3326: checking whether we are using the GNU C compiler
configure:3345: gcc -c   conftest.c >&5
configure:3345: $? = 0
configure:3354: result: yes
configure:3363: checking whether gcc accepts -g
configure:3383: gcc -c -g  conftest.c >&5
configure:3383: $? = 0
configure:3424: result: yes
configure:3441: checking for gcc option to accept ISO C89
configure:3504: gcc  -c -g -O2  conftest.c >&5
configure:3504: $? = 0
configure:3517: result: none needed
configure:3542: checking whether gcc understands -c and -o together
configure:3564: gcc -c conftest.c -o conftest2.o
configure:3567: $? = 0
configure:3564: gcc -c conftest.c -o conftest2.o
configure:3567: $? = 0
configure:3579: result: yes
configure:3607: checking for style of include used by make
configure:3635: result: GNU
configure:3661: checking dependency style of gcc
configure:3772: result: gcc3
configure:3801: checking for clGetDeviceIDs in -lOpenCl
configure:3826: gcc -o conftest -g -O2   conftest.c -lOpenCl   >&5
/usr/bin/ld: cannot find -lOpenCl
collect2: error: ld returned 1 exit status
configure:3826: $? = 1
configure: failed program was:
| /* confdefs.h */
| #define PACKAGE_NAME "vm"
| #define PACKAGE_TARNAME "vm"
| #define PACKAGE_VERSION "0.1"
| #define PACKAGE_STRING "vm 0.1"
| #define PACKAGE_BUGREPORT ""
| #define PACKAGE_URL ""
| #define PACKAGE "vm"
| #define VERSION "0.1"
| /* end confdefs.h.  */
| 
| /* Override any GCC internal prototype to avoid an error.
|    Use char because int might match the return type of a GCC
|    builtin and then its argument prototype would still apply.  */
| #ifdef __cplusplus
| extern "C"
| #endif
| char clGetDeviceIDs ();
| int
| main ()
| {
| return clGetDeviceIDs ();
|   ;
|   return 0;
| }
configure:3835: result: no
configure:3853: checking how to run the C preprocessor
configure:3884: gcc -E  conftest.c
configure:3884: $? = 0
configure:3898: gcc -E  conftest.c
conftest.c:11:28: fatal error: ac_nonexistent.h: No such file or directory
compilation terminated.
configure:3898: $? = 1
configure: failed program was:
| /* confdefs.h */
| #define PACKAGE_NAME "vm"
| #define PACKAGE_TARNAME "vm"
| #define PACKAGE_VERSION "0.1"
| #define PACKAGE_STRING "vm 0.1"
| #define PACKAGE_BUGREPORT ""
| #define PACKAGE_URL ""
| #define PACKAGE "vm"
| #define VERSION "0.1"
| /* end confdefs.h.  */
| #include <ac_nonexistent.h>
configure:3923: result: gcc -E
configure:3943: gcc -E  conftest.c
configure:3943: $? = 0
configure:3957: gcc -E  conftest.c
conftest.c:11:28: fatal error: ac_nonexistent.h: No such file or directory
compilation terminated.
configure:3957: $? = 1
configure: failed program was:
| /* confdefs.h */
| #define PACKAGE_NAME "vm"
| #define PACKAGE_TARNAME "vm"
| #define PACKAGE_VERSION "0.1"
| #define PACKAGE_STRING "vm 0.1"
| #define PACKAGE_BUGREPORT ""
| #define PACKAGE_URL ""
| #define PACKAGE "vm"
| #define VERSION "0.1"
| /* end confdefs.h.  */
| #include <ac_nonexistent.h>
configure:3986: checking for grep that handles long lines and -e
configure:4044: result: /bin/grep
configure:4049: checking for egrep
configure:4111: result: /bin/grep -E
configure:4116: checking for ANSI C header files
configure:4136: gcc -c -g -O2  conftest.c >&5
configure:4136: $? = 0
configure:4209: gcc -o conftest -g -O2   conftest.c  >&5
configure:4209: $? = 0
configure:4209: ./conftest
configure:4209: $? = 0
configure:4220: result: yes
configure:4228: checking for sys/wait.h that is POSIX.1 compatible
configure:4254: gcc -c -g -O2  conftest.c >&5
configure:4254: $? = 0
configure:4261: result: yes
configure:4269: checking whether time.h and sys/time.h may both be included
configure:4289: gcc -c -g -O2  conftest.c >&5
configure:4289: $? = 0
configure:4296: result: yes
configure:4311: checking for sys/types.h
configure:4311: gcc -c -g -O2  conftest.c >&5
configure:4311: $? = 0
configure:4311: result: yes
configure:4311: checking for sys/stat.h
configure:4311: gcc -c -g -O2  conftest.c >&5
configure:4311: $? = 0
configure:4311: result: yes
configure:4311: checking for stdlib.h
configure:4311: gcc -c -g -O2  conftest.c >&5
configure:4311: $? = 0
configure:4311: result: yes
configure:4311: checking for string.h
configure:4311: gcc -c -g -O2  conftest.c >&5
configure:4311: $? = 0
configure:4311: result: yes
configure:4311: checking for memory.h
configure:4311: gcc -c -g -O2  conftest.c >&5
configure:4311: $? = 0
configure:4311: result: yes
configure:4311: checking for strings.h
configure:4311: gcc -c -g -O2  conftest.c >&5
configure:4311: $? = 0
configure:4311: result: yes
configure:4311: checking for inttypes.h
configure:4311: gcc -c -g -O2  conftest.c >&5
configure:4311: $? = 0
configure:4311: result: yes
configure:4311: checking for stdint.h
configure:4311: gcc -c -g -O2  conftest.c >&5
configure:4311: $? = 0
configure:4311: result: yes
configure:4311: checking for unistd.h
configure:4311: gcc -c -g -O2  conftest.c >&5
configure:4311: $? = 0
configure:4311: result: yes
configure:4323: checking whether byte ordering is bigendian
configure:4338: gcc -c -g -O2  conftest.c >&5
conftest.c:24:9: error: unknown type name 'not'
         not a universal capable compiler
         ^
conftest.c:24:15: error: expected '=', ',', ';', 'asm' or '__attribute__' before 'universal'
         not a universal capable compiler
               ^
conftest.c:24:15: error: unknown type name 'universal'
configure:4338: $? = 1
configure: failed program was:
| /* confdefs.h */
| #define PACKAGE_NAME "vm"
| #define PACKAGE_TARNAME "vm"
| #define PACKAGE_VERSION "0.1"
| #define PACKAGE_STRING "vm 0.1"
| #define PACKAGE_BUGREPORT ""
| #define PACKAGE_URL ""
| #define PACKAGE "vm"
| #define VERSION "0.1"
| #define STDC_HEADERS 1
| #define HAVE_SYS_WAIT_H 1
| #define TIME_WITH_SYS_TIME 1
| #define HAVE_SYS_TYPES_H 1
| #define HAVE_SYS_STAT_H 1
| #define HAVE_STDLIB_H 1
| #define HAVE_STRING_H 1
| #define HAVE_MEMORY_H 1
| #define HAVE_STRINGS_H 1
| #define HAVE_INTTYPES_H 1
| #define HAVE_STDINT_H 1
| #define HAVE_UNISTD_H 1
| /* end confdefs.h.  */
| #ifndef __APPLE_CC__
| 	       not a universal capable compiler
| 	     #endif
| 	     typedef int dummy;
| 
configure:4383: gcc -c -g -O2  conftest.c >&5
configure:4383: $? = 0
configure:4401: gcc -c -g -O2  conftest.c >&5
conftest.c: In function 'main':
conftest.c:30:4: error: unknown type name 'not'
    not big endian
    ^
conftest.c:30:12: error: expected '=', ',', ';', 'asm' or '__attribute__' before 'endian'
    not big endian
            ^
configure:4401: $? = 1
configure: failed program was:
| /* confdefs.h */
| #define PACKAGE_NAME "vm"
| #define PACKAGE_TARNAME "vm"
| #define PACKAGE_VERSION "0.1"
| #define PACKAGE_STRING "vm 0.1"
| #define PACKAGE_BUGREPORT ""
| #define PACKAGE_URL ""
| #define PACKAGE "vm"
| #define VERSION "0.1"
| #define STDC_HEADERS 1
| #define HAVE_SYS_WAIT_H 1
| #define TIME_WITH_SYS_TIME 1
| #define HAVE_SYS_TYPES_H 1
| #define HAVE_SYS_STAT_H 1
| #define HAVE_STDLIB_H 1
| #define HAVE_STRING_H 1
| #define HAVE_MEMORY_H 1
| #define HAVE_STRINGS_H 1
| #define HAVE_INTTYPES_H 1
| #define HAVE_STDINT_H 1
| #define HAVE_UNISTD_H 1
| /* end confdefs.h.  */
| #include <sys/types.h>
| 		#include <sys/param.h>
| 
| int
| main ()
| {
| #if BYTE_ORDER != BIG_ENDIAN
| 		 not big endian
| 		#endif
| 
|   ;
|   return 0;
| }
configure:4529: result: no
configure:4547: checking for uid_t in sys/types.h
configure:4566: result: yes
configure:4577: checking for pid_t
configure:4577: gcc -c -g -O2  conftest.c >&5
configure:4577: $? = 0
configure:4577: gcc -c -g -O2  conftest.c >&5
conftest.c: In function 'main':
conftest.c:59:20: error: expected expression before ')' token
 if (sizeof ((pid_t)))
                    ^
configure:4577: $? = 1
configure: failed program was:
| /* confdefs.h */
| #define PACKAGE_NAME "vm"
| #define PACKAGE_TARNAME "vm"
| #define PACKAGE_VERSION "0.1"
| #define PACKAGE_STRING "vm 0.1"
| #define PACKAGE_BUGREPORT ""
| #define PACKAGE_URL ""
| #define PACKAGE "vm"
| #define VERSION "0.1"
| #define STDC_HEADERS 1
| #define HAVE_SYS_WAIT_H 1
| #define TIME_WITH_SYS_TIME 1
| #define HAVE_SYS_TYPES_H 1
| #define HAVE_SYS_STAT_H 1
| #define HAVE_STDLIB_H 1
| #define HAVE_STRING_H 1
| #define HAVE_MEMORY_H 1
| #define HAVE_STRINGS_H 1
| #define HAVE_INTTYPES_H 1
| #define HAVE_STDINT_H 1
| #define HAVE_UNISTD_H 1
| /* end confdefs.h.  */
| #include <stdio.h>
| #ifdef HAVE_SYS_TYPES_H
| # include <sys/types.h>
| #endif
| #ifdef HAVE_SYS_STAT_H
| # include <sys/stat.h>
| #endif
| #ifdef STDC_HEADERS
| # include <stdlib.h>
| # include <stddef.h>
| #else
| # ifdef HAVE_STDLIB_H
| #  include <stdlib.h>
| # endif
| #endif
| #ifdef HAVE_STRING_H
| # if !defined STDC_HEADERS && defined HAVE_MEMORY_H
| #  include <memory.h>
| # endif
| # include <string.h>
| #endif
| #ifdef HAVE_STRINGS_H
| # include <strings.h>
| #endif
| #ifdef HAVE_INTTYPES_H
| # include <inttypes.h>
| #endif
| #ifdef HAVE_STDINT_H
| # include <stdint.h>
| #endif
| #ifdef HAVE_UNISTD_H
| # include <unistd.h>
| #endif
| int
| main ()
| {
| if (sizeof ((pid_t)))
| 	    return 0;
|   ;
|   return 0;
| }
configure:4577: result: yes
configure:4588: checking for size_t
configure:4588: gcc -c -g -O2  conftest.c >&5
configure:4588: $? = 0
configure:4588: gcc -c -g -O2  conftest.c >&5
conftest.c: In function 'main':
conftest.c:59:21: error: expected expression before ')' token
 if (sizeof ((size_t)))
                     ^
configure:4588: $? = 1
configure: failed program was:
| /* confdefs.h */
| #define PACKAGE_NAME "vm"
| #define PACKAGE_TARNAME "vm"
| #define PACKAGE_VERSION "0.1"
| #define PACKAGE_STRING "vm 0.1"
| #define PACKAGE_BUGREPORT ""
| #define PACKAGE_URL ""
| #define PACKAGE "vm"
| #define VERSION "0.1"
| #define STDC_HEADERS 1
| #define HAVE_SYS_WAIT_H 1
| #define TIME_WITH_SYS_TIME 1
| #define HAVE_SYS_TYPES_H 1
| #define HAVE_SYS_STAT_H 1
| #define HAVE_STDLIB_H 1
| #define HAVE_STRING_H 1
| #define HAVE_MEMORY_H 1
| #define HAVE_STRINGS_H 1
| #define HAVE_INTTYPES_H 1
| #define HAVE_STDINT_H 1
| #define HAVE_UNISTD_H 1
| /* end confdefs.h.  */
| #include <stdio.h>
| #ifdef HAVE_SYS_TYPES_H
| # include <sys/types.h>
| #endif
| #ifdef HAVE_SYS_STAT_H
| # include <sys/stat.h>
| #endif
| #ifdef STDC_HEADERS
| # include <stdlib.h>
| # include <stddef.h>
| #else
| # ifdef HAVE_STDLIB_H
| #  include <stdlib.h>
| # endif
| #endif
| #ifdef HAVE_STRING_H
| # if !defined STDC_HEADERS && defined HAVE_MEMORY_H
| #  include <memory.h>
| # endif
| # include <string.h>
| #endif
| #ifdef HAVE_STRINGS_H
| # include <strings.h>
| #endif
| #ifdef HAVE_INTTYPES_H
| # include <inttypes.h>
| #endif
| #ifdef HAVE_STDINT_H
| # include <stdint.h>
| #endif
| #ifdef HAVE_UNISTD_H
| # include <unistd.h>
| #endif
| int
| main ()
| {
| if (sizeof ((size_t)))
| 	    return 0;
|   ;
|   return 0;
| }
configure:4588: result: yes
configure:4642: checking for ranlib
configure:4658: found /usr/bin/ranlib
configure:4669: result: ranlib
configure:4740: checking for ar
configure:4756: found /usr/bin/ar
configure:4767: result: ar
configure:4793: checking the archiver (ar) interface
configure:4809: gcc -c -g -O2  conftest.c >&5
configure:4809: $? = 0
configure:4811: ar cru libconftest.a conftest.o >&5
ar: `u' modifier ignored since `D' is the default (see `U')
configure:4814: $? = 0
configure:4842: result: ar
configure:4866: checking assert.h usability
configure:4866: gcc -c -g -O2  conftest.c >&5
configure:4866: $? = 0
configure:4866: result: yes
configure:4866: checking assert.h presence
configure:4866: gcc -E  conftest.c
configure:4866: $? = 0
configure:4866: result: yes
configure:4866: checking for assert.h
configure:4866: result: yes
configure:4866: checking stdio.h usability
configure:4866: gcc -c -g -O2  conftest.c >&5
configure:4866: $? = 0
configure:4866: result: yes
configure:4866: checking stdio.h presence
configure:4866: gcc -E  conftest.c
configure:4866: $? = 0
configure:4866: result: yes
configure:4866: checking for stdio.h
configure:4866: result: yes
configure:4866: checking for string.h
configure:4866: result: yes
configure:4866: checking for stdint.h
configure:4866: result: yes
configure:4876: checking for usleep
configure:4895: result: yes
configure:5023: checking that generated files are newer than configure
configure:5029: result: done
configure:5053: creating ./config.status

## ---------------- ##
## Cache variables. ##
## ---------------- ##

ac_cv_c_bigendian=no
ac_cv_c_compiler_gnu=yes
ac_cv_env_CC_set=
ac_cv_env_CC_value=
ac_cv_env_CFLAGS_set=
ac_cv_env_CFLAGS_value=
ac_cv_env_CPPFLAGS_set=
ac_cv_env_CPPFLAGS_value=
ac_cv_env_CPP_set=
ac_cv_env_CPP_value=
ac_cv_env_LDFLAGS_set=
ac_cv_env_LDFLAGS_value=
ac_cv_env_LIBS_set=
ac_cv_env_LIBS_value=
ac_cv_env_build_alias_set=
ac_cv_env_build_alias_value=
ac_cv_env_host_alias_set=
ac_cv_env_host_alias_value=
ac_cv_env_target_alias_set=
ac_cv_env_target_alias_value=
ac_cv_header_assert_h=yes
ac_cv_header_inttypes_h=yes
ac_cv_header_memory_h=yes
ac_cv_header_stdc=yes
ac_cv_header_stdint_h=yes
ac_cv_header_stdio_h=yes
ac_cv_header_stdlib_h=yes
ac_cv_header_string_h=yes
ac_cv_header_strings_h=yes
ac_cv_header_sys_stat_h=yes
ac_cv_header_sys_types_h=yes
ac_cv_header_sys_wait_h=yes
ac_cv_header_time=yes
ac_cv_header_unistd_h=yes
ac_cv_lib_OpenCl_clGetDeviceIDs=no
ac_cv_objext=o
ac_cv_path_EGREP='/bin/grep -E'
ac_cv_path_GREP=/bin/grep
ac_cv_path_install='/usr/bin/install -c'
ac_cv_path_mkdir=/bin/mkdir
ac_cv_prog_AWK=mawk
ac_cv_prog_CPP='gcc -E'
ac_cv_prog_ac_ct_AR=ar
ac_cv_prog_ac_ct_CC=gcc
ac_cv_prog_ac_ct_RANLIB=ranlib
ac_cv_prog_cc_c89=
ac_cv_prog_cc_g=yes
ac_cv_prog_make_make_set=yes
ac_cv_type_pid_t=yes
ac_cv_type_size_t=yes
ac_cv_type_uid_t=yes
am_cv_CC_dependencies_compiler_type=gcc3
am_cv_ar_interface=ar
am_cv_make_support_nested_variables=yes
am_cv_prog_cc_c_o=yes

## ----------------- ##
## Output variables. ##
## ----------------- ##

ACLOCAL='${SHELL} /home/elspru/spel/src/virtual-machine/missing aclocal-1.15'
AMDEPBACKSLASH='\'
AMDEP_FALSE='#'
AMDEP_TRUE=''
AMTAR='$${TAR-tar}'
AM_BACKSLASH='\'
AM_DEFAULT_V='$(AM_DEFAULT_VERBOSITY)'
AM_DEFAULT_VERBOSITY='1'
AM_V='$(V)'
AR='ar'
AUTOCONF='${SHELL} /home/elspru/spel/src/virtual-machine/missing autoconf'
AUTOHEADER='${SHELL} /home/elspru/spel/src/virtual-machine/missing autoheader'
AUTOMAKE='${SHELL} /home/elspru/spel/src/virtual-machine/missing automake-1.15'
AWK='mawk'
CC='gcc'
CCDEPMODE='depmode=gcc3'
CFLAGS='-g -O2'
CPP='gcc -E'
CPPFLAGS=''
CYGPATH_W='echo'
DEFS='-DHAVE_CONFIG_H'
DEPDIR='.deps'
ECHO_C=''
ECHO_N='-n'
ECHO_T=''
EGREP='/bin/grep -E'
EXEEXT=''
GREP='/bin/grep'
INSTALL_DATA='${INSTALL} -m 644'
INSTALL_PROGRAM='${INSTALL}'
INSTALL_SCRIPT='${INSTALL}'
INSTALL_STRIP_PROGRAM='$(install_sh) -c -s'
LDFLAGS=''
LIBOBJS=''
LIBS=''
LTLIBOBJS=''
MAKEINFO='${SHELL} /home/elspru/spel/src/virtual-machine/missing makeinfo'
MKDIR_P='/bin/mkdir -p'
MY_CFLAGS='-O2 -Iinclude -Wpedantic -std=c11 -Wno-coverage-mismatch -fstack-usage  -Wlogical-op -Wunused -Wconversion -Wno-aggressive-loop-optimizations -Wunsafe-loop-optimizations -Wdouble-promotion -Wmaybe-uninitialized  -Waggregate-return -Werror -Wextra'
OBJEXT='o'
PACKAGE='vm'
PACKAGE_BUGREPORT=''
PACKAGE_NAME='vm'
PACKAGE_STRING='vm 0.1'
PACKAGE_TARNAME='vm'
PACKAGE_URL=''
PACKAGE_VERSION='0.1'
PATH_SEPARATOR=':'
RANLIB='ranlib'
SET_MAKE=''
SHELL='/bin/bash'
STRIP=''
VERSION='0.1'
ac_ct_AR='ar'
ac_ct_CC='gcc'
am__EXEEXT_FALSE=''
am__EXEEXT_TRUE='#'
am__fastdepCC_FALSE='#'
am__fastdepCC_TRUE=''
am__include='include'
am__isrc=''
am__leading_dot='.'
am__nodep='_no'
am__quote=''
am__tar='$${TAR-tar} chof - "$$tardir"'
am__untar='$${TAR-tar} xf -'
bindir='${exec_prefix}/bin'
build_alias=''
datadir='${datarootdir}'
datarootdir='${prefix}/share'
docdir='${datarootdir}/doc/${PACKAGE_TARNAME}'
dvidir='${docdir}'
exec_prefix='${prefix}'
host_alias=''
htmldir='${docdir}'
includedir='${prefix}/include'
infodir='${datarootdir}/info'
install_sh='${SHELL} /home/elspru/spel/src/virtual-machine/install-sh'
libdir='${exec_prefix}/lib'
libexecdir='${exec_prefix}/libexec'
localedir='${datarootdir}/locale'
localstatedir='${prefix}/var'
mandir='${datarootdir}/man'
mkdir_p='$(MKDIR_P)'
oldincludedir='/usr/include'
pdfdir='${docdir}'
prefix='/usr/local'
program_transform_name='s,x,x,'
psdir='${docdir}'
runstatedir='${localstatedir}/run'
sbindir='${exec_prefix}/sbin'
sharedstatedir='${prefix}/com'
sysconfdir='${prefix}/etc'
target_alias=''

## ----------- ##
## confdefs.h. ##
## ----------- ##

/* confdefs.h */
#define PACKAGE_NAME "vm"
#define PACKAGE_TARNAME "vm"
#define PACKAGE_VERSION "0.1"
#define PACKAGE_STRING "vm 0.1"
#define PACKAGE_BUGREPORT ""
#define PACKAGE_URL ""
#define PACKAGE "vm"
#define VERSION "0.1"
#define STDC_HEADERS 1
#define HAVE_SYS_WAIT_H 1
#define TIME_WITH_SYS_TIME 1
#define HAVE_SYS_TYPES_H 1
#define HAVE_SYS_STAT_H 1
#define HAVE_STDLIB_H 1
#define HAVE_STRING_H 1
#define HAVE_MEMORY_H 1
#define HAVE_STRINGS_H 1
#define HAVE_INTTYPES_H 1
#define HAVE_STDINT_H 1
#define HAVE_UNISTD_H 1
#define HAVE_ASSERT_H 1
#define HAVE_STDIO_H 1
#define HAVE_STRING_H 1
#define HAVE_STDINT_H 1
#define HAVE_USLEEP 1

configure: exit 0

## ---------------------- ##
## Running config.status. ##
## ---------------------- ##

This file was extended by vm config.status 0.1, which was
generated by GNU Autoconf 2.69.  Invocation command line was

  CONFIG_FILES    = 
  CONFIG_HEADERS  = 
  CONFIG_LINKS    = 
  CONFIG_COMMANDS = 
  $ ./config.status 

on odroid

config.status:865: creating Makefile
config.status:865: creating config.h
config.status:1046: config.h is unchanged
config.status:1094: executing depfiles commands

## ---------------------- ##
## Running config.status. ##
## ---------------------- ##

This file was extended by vm config.status 0.1, which was
generated by GNU Autoconf 2.69.  Invocation command line was

  CONFIG_FILES    = 
  CONFIG_HEADERS  = 
  CONFIG_LINKS    = 
  CONFIG_COMMANDS = 
  $ ./config.status config.h

on odroid

config.status:865: creating config.h
config.status:1046: config.h is unchanged
